#
# There is insufficient memory for the Java Runtime Environment to continue.
# Native memory allocation (malloc) failed to allocate 196016 bytes for Chunk::new
# Possible reasons:
#   The system is out of physical RAM or swap space
#   The process is running with CompressedOops enabled, and the Java Heap may be blocking the growth of the native heap
# Possible solutions:
#   Reduce memory load on the system
#   Increase physical memory or swap space
#   Check if swap backing store is full
#   Decrease Java heap size (-Xmx/-Xms)
#   Decrease number of Java threads
#   Decrease Java thread stack sizes (-Xss)
#   Set larger code cache with -XX:ReservedCodeCacheSize=
#   JVM is running with Unscaled Compressed Oops mode in which the Java heap is
#     placed in the first 4GB address space. The Java Heap base address is the
#     maximum limit for the native heap growth. Please use -XX:HeapBaseMinAddress
#     to set the Java Heap base and to place the Java Heap above 4GB virtual address.
# This output file may be truncated or incomplete.
#
#  Out of Memory Error (allocation.cpp:389), pid=3756, tid=0x0000000000000d4c
#
# JRE version: OpenJDK Runtime Environment (8.0_242-b01) (build 1.8.0_242-release-1644-b01)
# Java VM: OpenJDK 64-Bit Server VM (25.242-b01 mixed mode windows-amd64 compressed oops)
# Failed to write core dump. Minidumps are not enabled by default on client versions of Windows
#

---------------  T H R E A D  ---------------

Current thread (0x0000000018c4d000):  JavaThread "C2 CompilerThread1" daemon [_thread_in_native, id=3404, stack(0x000000001a240000,0x000000001a340000)]

Stack: [0x000000001a240000,0x000000001a340000]
[error occurred during error reporting (printing stack bounds), id 0xc0000005]

Native frames: (J=compiled Java code, j=interpreted, Vv=VM code, C=native code)


Current CompileTask:
C2:   5306 5275       4       com.esotericsoftware.kryo.io.Input::readString (127 bytes)


---------------  P R O C E S S  ---------------

Java Threads: ( => current thread )
  0x000000001ee97800 JavaThread "Cache worker for file content cache (F:\AndroidStudioProjects\HelloWorld\.gradle\5.6.4\fileContent)" [_thread_blocked, id=11760, stack(0x0000000026930000,0x0000000026a30000)]
  0x000000001ee97000 JavaThread "Cache worker for file content cache (C:\Users\26315\.gradle\caches\5.6.4\fileContent)" [_thread_blocked, id=11632, stack(0x0000000026830000,0x0000000026930000)]
  0x000000001ee96000 JavaThread "Memory manager" [_thread_blocked, id=11092, stack(0x0000000024f30000,0x0000000025030000)]
  0x000000001ee8e000 JavaThread "Cache worker for Build Output Cleanup Cache (F:\AndroidStudioProjects\HelloWorld\.gradle\buildOutputCleanup)" [_thread_blocked, id=18748, stack(0x0000000024c30000,0x0000000024d30000)]
  0x000000001ee94800 JavaThread "pool-1-thread-1" [_thread_blocked, id=644, stack(0x0000000024650000,0x0000000024750000)]
  0x000000001ee92800 JavaThread "Build operations Thread 12" [_thread_blocked, id=1156, stack(0x0000000024350000,0x0000000024450000)]
  0x000000001ee8b000 JavaThread "Build operations Thread 11" [_thread_blocked, id=18396, stack(0x0000000024150000,0x0000000024250000)]
  0x000000001ee8c800 JavaThread "Build operations Thread 10" [_thread_blocked, id=1600, stack(0x0000000024050000,0x0000000024150000)]
  0x000000001ee91800 JavaThread "Build operations Thread 9" [_thread_blocked, id=6736, stack(0x0000000023f50000,0x0000000024050000)]
  0x000000001ee8a000 JavaThread "Build operations Thread 8" [_thread_blocked, id=3768, stack(0x0000000023e50000,0x0000000023f50000)]
  0x000000001ee91000 JavaThread "Build operations Thread 7" [_thread_blocked, id=17880, stack(0x0000000023d50000,0x0000000023e50000)]
  0x000000001ee8e800 JavaThread "Build operations Thread 6" [_thread_blocked, id=11864, stack(0x0000000023c50000,0x0000000023d50000)]
  0x000000001ee8b800 JavaThread "Build operations Thread 5" [_thread_blocked, id=16172, stack(0x0000000023b50000,0x0000000023c50000)]
  0x000000001ee8d000 JavaThread "Build operations Thread 4" [_thread_blocked, id=5428, stack(0x0000000023a50000,0x0000000023b50000)]
  0x000000001ee90000 JavaThread "Build operations Thread 3" [_thread_blocked, id=1888, stack(0x0000000023950000,0x0000000023a50000)]
  0x000000001ee8f800 JavaThread "Build operations Thread 2" [_thread_blocked, id=6096, stack(0x0000000023850000,0x0000000023950000)]
  0x000000001c526000 JavaThread "Build operations" [_thread_blocked, id=20660, stack(0x00000000232b0000,0x00000000233b0000)]
  0x000000001c525800 JavaThread "Cache worker for execution history cache (C:\Users\26315\.gradle\caches\5.6.4\executionHistory)" [_thread_blocked, id=13880, stack(0x00000000231b0000,0x00000000232b0000)]
  0x000000001c52b800 JavaThread "Cache worker for cache directory md-rule (C:\Users\26315\.gradle\caches\5.6.4\md-rule)" [_thread_blocked, id=11920, stack(0x0000000021c40000,0x0000000021d40000)]
  0x000000001c52a000 JavaThread "Cache worker for cache directory md-supplier (C:\Users\26315\.gradle\caches\5.6.4\md-supplier)" [_thread_blocked, id=11180, stack(0x00000000206a0000,0x00000000207a0000)]
  0x000000001c52a800 JavaThread "Cache worker for file hash cache (F:\AndroidStudioProjects\HelloWorld\.gradle\5.6.4\fileHashes)" [_thread_blocked, id=1524, stack(0x000000001f1b0000,0x000000001f2b0000)]
  0x000000001c527000 JavaThread "Cache worker for journal cache (C:\Users\26315\.gradle\caches\journal-1)" [_thread_blocked, id=4264, stack(0x000000001e0e0000,0x000000001e1e0000)]
  0x000000001c4bf800 JavaThread "File lock request listener" [_thread_in_native, id=19464, stack(0x000000001dfe0000,0x000000001e0e0000)]
  0x000000001c4bf000 JavaThread "Cache worker for file hash cache (C:\Users\26315\.gradle\caches\5.6.4\fileHashes)" [_thread_blocked, id=16380, stack(0x000000001dee0000,0x000000001dfe0000)]
  0x000000001c3e8000 JavaThread "Thread-9" [_thread_blocked, id=18372, stack(0x000000001dbe0000,0x000000001dce0000)]
  0x000000001c3eb000 JavaThread "Stdin handler" [_thread_blocked, id=13352, stack(0x000000001dae0000,0x000000001dbe0000)]
  0x000000001c454000 JavaThread "Asynchronous log dispatcher for DefaultDaemonConnection: socket connection from /127.0.0.1:62403 to /127.0.0.1:62404" [_thread_blocked, id=5068, stack(0x000000001d9e0000,0x000000001dae0000)]
  0x000000001c427800 JavaThread "Daemon worker" [_thread_in_native, id=19572, stack(0x000000001d8e0000,0x000000001d9e0000)]
  0x000000001c428000 JavaThread "Cancel handler" [_thread_blocked, id=2220, stack(0x000000001d7e0000,0x000000001d8e0000)]
  0x000000001c3c0000 JavaThread "Handler for socket connection from /127.0.0.1:62403 to /127.0.0.1:62404" [_thread_in_native, id=17484, stack(0x000000001d4e0000,0x000000001d5e0000)]
  0x000000001c3b9000 JavaThread "Daemon" [_thread_blocked, id=21412, stack(0x000000001d3e0000,0x000000001d4e0000)]
  0x000000001c365000 JavaThread "Daemon periodic checks" [_thread_blocked, id=8080, stack(0x000000001d2e0000,0x000000001d3e0000)]
  0x000000001c36c800 JavaThread "Incoming local TCP Connector on port 62403" [_thread_in_native, id=20704, stack(0x000000001d1e0000,0x000000001d2e0000)]
  0x000000001c26b800 JavaThread "Daemon health stats" [_thread_blocked, id=12292, stack(0x000000001cee0000,0x000000001cfe0000)]
  0x0000000018cd7800 JavaThread "Service Thread" daemon [_thread_blocked, id=16236, stack(0x000000001a540000,0x000000001a640000)]
  0x0000000018c50800 JavaThread "C1 CompilerThread3" daemon [_thread_in_native, id=14948, stack(0x000000001a440000,0x000000001a540000)]
  0x0000000018c4f800 JavaThread "C2 CompilerThread2" daemon [_thread_in_native, id=10468, stack(0x000000001a340000,0x000000001a440000)]
=>0x0000000018c4d000 JavaThread "C2 CompilerThread1" daemon [_thread_in_native, id=3404, stack(0x000000001a240000,0x000000001a340000)]
  0x00000000174ea000 JavaThread "C2 CompilerThread0" daemon [_thread_in_native, id=16980, stack(0x000000001a140000,0x000000001a240000)]
  0x0000000018c4a800 JavaThread "Attach Listener" daemon [_thread_blocked, id=9884, stack(0x000000001a040000,0x000000001a140000)]
  0x0000000018c49800 JavaThread "Signal Dispatcher" daemon [_thread_blocked, id=15784, stack(0x0000000019f40000,0x000000001a040000)]
  0x00000000174e2800 JavaThread "Finalizer" daemon [_thread_blocked, id=3552, stack(0x0000000019e40000,0x0000000019f40000)]
  0x0000000018bd3000 JavaThread "Reference Handler" daemon [_thread_blocked, id=15520, stack(0x0000000019d40000,0x0000000019e40000)]
  0x0000000002efd800 JavaThread "main" [_thread_blocked, id=17308, stack(0x0000000003320000,0x0000000003420000)]

Other Threads:
  0x0000000018bb2800 VMThread [stack: 0x0000000019c40000,0x0000000019d40000] [id=16660]
  0x0000000018cd9800 WatcherThread [stack: 0x000000001a640000,0x000000001a740000] [id=1868]

VM state:not at safepoint (normal execution)

VM Mutex/Monitor currently owned by a thread:  ([mutex/lock_event])
[0x0000000002efbed0] CodeCache_lock - owner thread: 0x0000000000000000

heap address: 0x00000000a0000000, size: 1536 MB, Compressed Oops mode: 32-bit
Narrow klass base: 0x0000000000000000, Narrow klass shift: 3
Compressed class space size: 1073741824 Address: 0x0000000100000000

Heap:
 PSYoungGen      total 176640K, used 18656K [0x00000000e0000000, 0x00000000eeb00000, 0x0000000100000000)
  eden space 161280K, 2% used [0x00000000e0000000,0x00000000e0340018,0x00000000e9d80000)
  from space 15360K, 99% used [0x00000000e9d80000,0x00000000eac780a0,0x00000000eac80000)
  to   space 20480K, 0% used [0x00000000ed700000,0x00000000ed700000,0x00000000eeb00000)
 ParOldGen       total 134656K, used 25079K [0x00000000a0000000, 0x00000000a8380000, 0x00000000e0000000)
  object space 134656K, 18% used [0x00000000a0000000,0x00000000a187de68,0x00000000a8380000)
 Metaspace       used 56030K, capacity 57772K, committed 57856K, reserved 1099776K
  class space    used 7715K, capacity 8151K, committed 8192K, reserved 1048576K

Card table byte_map: [0x00000000128e0000,0x0000000012bf0000] byte_map_base: 0x00000000123e0000

Marking Bits: (ParMarkBitMap*) 0x00000000546ff030
 Begin Bits: [0x00000000137f0000, 0x0000000014ff0000)
 End Bits:   [0x0000000014ff0000, 0x00000000167f0000)

Polling page: 0x0000000000df0000

CodeCache: size=245760Kb used=18359Kb max_used=18376Kb free=227400Kb
 bounds [0x0000000003520000, 0x0000000004720000, 0x0000000012520000]
 total_blobs=6019 nmethods=5236 adapters=694
 compilation: enabled

Compilation events (10 events):
Event: 5.303 Thread 0x0000000018c50800 5284       1       org.gradle.api.internal.artifacts.ivyservice.resolveengine.result.DetachedComponentResult::getSelectionReason (5 bytes)
Event: 5.303 Thread 0x0000000018c50800 nmethod 5284 0x0000000003649c10 code [0x0000000003649d60, 0x0000000003649e70]
Event: 5.303 Thread 0x0000000018c50800 5285       1       org.gradle.api.internal.artifacts.ivyservice.resolveengine.result.DetachedComponentResult::getComponentId (5 bytes)
Event: 5.304 Thread 0x0000000018c50800 nmethod 5285 0x0000000003649950 code [0x0000000003649aa0, 0x0000000003649bb0]
Event: 5.304 Thread 0x0000000018c50800 5286       1       org.gradle.api.internal.artifacts.ivyservice.resolveengine.result.DetachedComponentResult::getResolvedVariants (5 bytes)
Event: 5.304 Thread 0x0000000018c50800 nmethod 5286 0x0000000003649690 code [0x00000000036497e0, 0x00000000036498f0]
Event: 5.304 Thread 0x0000000018c50800 5287       1       org.gradle.api.internal.artifacts.ivyservice.resolveengine.result.DetachedComponentResult::getRepositoryName (5 bytes)
Event: 5.304 Thread 0x0000000018c50800 nmethod 5287 0x00000000036493d0 code [0x0000000003649520, 0x0000000003649630]
Event: 5.304 Thread 0x0000000018c50800 5288       3       org.gradle.internal.Actions$NullAction::execute (1 bytes)
Event: 5.304 Thread 0x0000000018c50800 nmethod 5288 0x0000000003649090 code [0x00000000036491e0, 0x0000000003649330]

GC Heap History (10 events):
Event: 3.204 GC heap before
{Heap before GC invocations=5 (full 1):
 PSYoungGen      total 114688K, used 98304K [0x00000000e0000000, 0x00000000e8000000, 0x0000000100000000)
  eden space 98304K, 100% used [0x00000000e0000000,0x00000000e6000000,0x00000000e6000000)
  from space 16384K, 0% used [0x00000000e6000000,0x00000000e6000000,0x00000000e7000000)
  to   space 16384K, 0% used [0x00000000e7000000,0x00000000e7000000,0x00000000e8000000)
 ParOldGen       total 134656K, used 8091K [0x00000000a0000000, 0x00000000a8380000, 0x00000000e0000000)
  object space 134656K, 6% used [0x00000000a0000000,0x00000000a07e6c38,0x00000000a8380000)
 Metaspace       used 30373K, capacity 30970K, committed 31232K, reserved 1077248K
  class space    used 4122K, capacity 4340K, committed 4352K, reserved 1048576K
Event: 3.209 GC heap after
Heap after GC invocations=5 (full 1):
 PSYoungGen      total 114688K, used 10771K [0x00000000e0000000, 0x00000000ec180000, 0x0000000100000000)
  eden space 98304K, 0% used [0x00000000e0000000,0x00000000e0000000,0x00000000e6000000)
  from space 16384K, 65% used [0x00000000e7000000,0x00000000e7a84e90,0x00000000e8000000)
  to   space 16384K, 0% used [0x00000000e6000000,0x00000000e6000000,0x00000000e7000000)
 ParOldGen       total 134656K, used 8099K [0x00000000a0000000, 0x00000000a8380000, 0x00000000e0000000)
  object space 134656K, 6% used [0x00000000a0000000,0x00000000a07e8c38,0x00000000a8380000)
 Metaspace       used 30373K, capacity 30970K, committed 31232K, reserved 1077248K
  class space    used 4122K, capacity 4340K, committed 4352K, reserved 1048576K
}
Event: 3.666 GC heap before
{Heap before GC invocations=6 (full 1):
 PSYoungGen      total 114688K, used 107276K [0x00000000e0000000, 0x00000000ec180000, 0x0000000100000000)
  eden space 98304K, 98% used [0x00000000e0000000,0x00000000e5e3e230,0x00000000e6000000)
  from space 16384K, 65% used [0x00000000e7000000,0x00000000e7a84e90,0x00000000e8000000)
  to   space 16384K, 0% used [0x00000000e6000000,0x00000000e6000000,0x00000000e7000000)
 ParOldGen       total 134656K, used 8099K [0x00000000a0000000, 0x00000000a8380000, 0x00000000e0000000)
  object space 134656K, 6% used [0x00000000a0000000,0x00000000a07e8c38,0x00000000a8380000)
 Metaspace       used 34585K, capacity 35454K, committed 35496K, reserved 1079296K
  class space    used 4746K, capacity 4986K, committed 4992K, reserved 1048576K
Event: 3.672 GC heap after
Heap after GC invocations=6 (full 1):
 PSYoungGen      total 114688K, used 11637K [0x00000000e0000000, 0x00000000ebc80000, 0x0000000100000000)
  eden space 98304K, 0% used [0x00000000e0000000,0x00000000e0000000,0x00000000e6000000)
  from space 16384K, 71% used [0x00000000e6000000,0x00000000e6b5d470,0x00000000e7000000)
  to   space 14336K, 0% used [0x00000000eae80000,0x00000000eae80000,0x00000000ebc80000)
 ParOldGen       total 134656K, used 8107K [0x00000000a0000000, 0x00000000a8380000, 0x00000000e0000000)
  object space 134656K, 6% used [0x00000000a0000000,0x00000000a07eac38,0x00000000a8380000)
 Metaspace       used 34585K, capacity 35454K, committed 35496K, reserved 1079296K
  class space    used 4746K, capacity 4986K, committed 4992K, reserved 1048576K
}
Event: 3.672 GC heap before
{Heap before GC invocations=7 (full 2):
 PSYoungGen      total 114688K, used 11637K [0x00000000e0000000, 0x00000000ebc80000, 0x0000000100000000)
  eden space 98304K, 0% used [0x00000000e0000000,0x00000000e0000000,0x00000000e6000000)
  from space 16384K, 71% used [0x00000000e6000000,0x00000000e6b5d470,0x00000000e7000000)
  to   space 14336K, 0% used [0x00000000eae80000,0x00000000eae80000,0x00000000ebc80000)
 ParOldGen       total 134656K, used 8107K [0x00000000a0000000, 0x00000000a8380000, 0x00000000e0000000)
  object space 134656K, 6% used [0x00000000a0000000,0x00000000a07eac38,0x00000000a8380000)
 Metaspace       used 34585K, capacity 35454K, committed 35496K, reserved 1079296K
  class space    used 4746K, capacity 4986K, committed 4992K, reserved 1048576K
Event: 3.704 GC heap after
Heap after GC invocations=7 (full 2):
 PSYoungGen      total 114688K, used 0K [0x00000000e0000000, 0x00000000ebc80000, 0x0000000100000000)
  eden space 98304K, 0% used [0x00000000e0000000,0x00000000e0000000,0x00000000e6000000)
  from space 16384K, 0% used [0x00000000e6000000,0x00000000e6000000,0x00000000e7000000)
  to   space 14336K, 0% used [0x00000000eae80000,0x00000000eae80000,0x00000000ebc80000)
 ParOldGen       total 134656K, used 18377K [0x00000000a0000000, 0x00000000a8380000, 0x00000000e0000000)
  object space 134656K, 13% used [0x00000000a0000000,0x00000000a11f27a8,0x00000000a8380000)
 Metaspace       used 34535K, capacity 35286K, committed 35496K, reserved 1079296K
  class space    used 4731K, capacity 4958K, committed 4992K, reserved 1048576K
}
Event: 4.328 GC heap before
{Heap before GC invocations=8 (full 2):
 PSYoungGen      total 114688K, used 98304K [0x00000000e0000000, 0x00000000ebc80000, 0x0000000100000000)
  eden space 98304K, 100% used [0x00000000e0000000,0x00000000e6000000,0x00000000e6000000)
  from space 16384K, 0% used [0x00000000e6000000,0x00000000e6000000,0x00000000e7000000)
  to   space 14336K, 0% used [0x00000000eae80000,0x00000000eae80000,0x00000000ebc80000)
 ParOldGen       total 134656K, used 18377K [0x00000000a0000000, 0x00000000a8380000, 0x00000000e0000000)
  object space 134656K, 13% used [0x00000000a0000000,0x00000000a11f27a8,0x00000000a8380000)
 Metaspace       used 44403K, capacity 45552K, committed 45824K, reserved 1089536K
  class space    used 5994K, capacity 6322K, committed 6400K, reserved 1048576K
Event: 4.334 GC heap after
Heap after GC invocations=8 (full 2):
 PSYoungGen      total 154112K, used 13260K [0x00000000e0000000, 0x00000000ebb80000, 0x0000000100000000)
  eden space 140800K, 0% used [0x00000000e0000000,0x00000000e0000000,0x00000000e8980000)
  from space 13312K, 99% used [0x00000000eae80000,0x00000000ebb73090,0x00000000ebb80000)
  to   space 15360K, 0% used [0x00000000e9d80000,0x00000000e9d80000,0x00000000eac80000)
 ParOldGen       total 134656K, used 18385K [0x00000000a0000000, 0x00000000a8380000, 0x00000000e0000000)
  object space 134656K, 13% used [0x00000000a0000000,0x00000000a11f47a8,0x00000000a8380000)
 Metaspace       used 44403K, capacity 45552K, committed 45824K, reserved 1089536K
  class space    used 5994K, capacity 6322K, committed 6400K, reserved 1048576K
}
Event: 5.273 GC heap before
{Heap before GC invocations=9 (full 2):
 PSYoungGen      total 154112K, used 154060K [0x00000000e0000000, 0x00000000ebb80000, 0x0000000100000000)
  eden space 140800K, 100% used [0x00000000e0000000,0x00000000e8980000,0x00000000e8980000)
  from space 13312K, 99% used [0x00000000eae80000,0x00000000ebb73090,0x00000000ebb80000)
  to   space 15360K, 0% used [0x00000000e9d80000,0x00000000e9d80000,0x00000000eac80000)
 ParOldGen       total 134656K, used 18385K [0x00000000a0000000, 0x00000000a8380000, 0x00000000e0000000)
  object space 134656K, 13% used [0x00000000a0000000,0x00000000a11f47a8,0x00000000a8380000)
 Metaspace       used 55949K, capacity 57760K, committed 57856K, reserved 1099776K
  class space    used 7707K, capacity 8149K, committed 8192K, reserved 1048576K
Event: 5.284 GC heap after
Heap after GC invocations=9 (full 2):
 PSYoungGen      total 176640K, used 15328K [0x00000000e0000000, 0x00000000eeb00000, 0x0000000100000000)
  eden space 161280K, 0% used [0x00000000e0000000,0x00000000e0000000,0x00000000e9d80000)
  from space 15360K, 99% used [0x00000000e9d80000,0x00000000eac780a0,0x00000000eac80000)
  to   space 20480K, 0% used [0x00000000ed700000,0x00000000ed700000,0x00000000eeb00000)
 ParOldGen       total 134656K, used 25079K [0x00000000a0000000, 0x00000000a8380000, 0x00000000e0000000)
  object space 134656K, 18% used [0x00000000a0000000,0x00000000a187de68,0x00000000a8380000)
 Metaspace       used 55949K, capacity 57760K, committed 57856K, reserved 1099776K
  class space    used 7707K, capacity 8149K, committed 8192K, reserved 1048576K
}

Deoptimization events (10 events):
Event: 4.968 Thread 0x000000001c427800 Uncommon trap: reason=bimorphic action=maybe_recompile pc=0x000000000454c804 method=java.util.regex.Pattern$5.isSatisfiedBy(I)Z @ 16
Event: 4.968 Thread 0x000000001c427800 Uncommon trap: reason=bimorphic action=maybe_recompile pc=0x000000000454c804 method=java.util.regex.Pattern$5.isSatisfiedBy(I)Z @ 16
Event: 4.968 Thread 0x000000001c427800 Uncommon trap: reason=bimorphic action=maybe_recompile pc=0x000000000454c804 method=java.util.regex.Pattern$5.isSatisfiedBy(I)Z @ 16
Event: 4.968 Thread 0x000000001c427800 Uncommon trap: reason=bimorphic action=maybe_recompile pc=0x000000000454c804 method=java.util.regex.Pattern$5.isSatisfiedBy(I)Z @ 16
Event: 5.108 Thread 0x000000001c427800 Uncommon trap: reason=unstable_if action=reinterpret pc=0x0000000003aedb28 method=java.util.regex.Pattern$BmpCharProperty.match(Ljava/util/regex/Matcher;ILjava/lang/CharSequence;)Z @ 34
Event: 5.110 Thread 0x000000001c427800 Uncommon trap: reason=unstable_if action=reinterpret pc=0x000000000435dcd8 method=com.sun.org.apache.xerces.internal.impl.XMLEntityScanner.scanLiteral(ILcom/sun/org/apache/xerces/internal/xni/XMLString;Z)I @ 660
Event: 5.115 Thread 0x000000001c427800 Uncommon trap: reason=unstable_if action=reinterpret pc=0x000000000435a640 method=com.sun.org.apache.xerces.internal.util.SymbolTable.addSymbol([CII)Ljava/lang/String; @ 38
Event: 5.131 Thread 0x000000001c427800 Uncommon trap: reason=unstable_if action=reinterpret pc=0x00000000042b57d8 method=com.google.gson.stream.JsonReader.doPeek()I @ 315
Event: 5.182 Thread 0x000000001c427800 Uncommon trap: reason=unstable_if action=reinterpret pc=0x0000000003d4d6f4 method=java.lang.String.lastIndexOf([CII[CIII)I @ 118
Event: 5.194 Thread 0x000000001c427800 Uncommon trap: reason=unstable_if action=reinterpret pc=0x0000000003ab2800 method=java.io.WinNTFileSystem.isLetter(C)Z @ 3

Classes redefined (0 events):
No events

Internal exceptions (10 events):
Event: 4.651 Thread 0x000000001c427800 Exception <a 'java/lang/ClassNotFoundException': org/gradle/api/plugins/internal/DefaultBasePluginConventionCustomizer> (0x00000000e3376e18) thrown at [C:\src\AOSP-openjdk-git\hotspot\src\share\vm\classfile\systemDictionary.cpp, line 210]
Event: 4.654 Thread 0x000000001c427800 Exception <a 'java/lang/NoSuchMethodError': java.lang.Object.lambda$comparingInt$7b0bb60$1(Ljava/util/function/ToIntFunction;Ljava/lang/Object;Ljava/lang/Object;)I> (0x00000000e33fd8f8) thrown at [C:\src\AOSP-openjdk-git\hotspot\src\share\vm\interpreter\l
Event: 4.824 Thread 0x000000001c427800 Exception <a 'java/lang/ClassNotFoundException': com/android/build/gradle/internal/api/ApkVariantOutputImpl_DecoratedBeanInfo> (0x00000000e4661698) thrown at [C:\src\AOSP-openjdk-git\hotspot\src\share\vm\classfile\systemDictionary.cpp, line 210]
Event: 4.824 Thread 0x000000001c427800 Exception <a 'java/lang/ClassNotFoundException': com/android/build/gradle/internal/api/ApkVariantOutputImplBeanInfo> (0x00000000e467d508) thrown at [C:\src\AOSP-openjdk-git\hotspot\src\share\vm\classfile\systemDictionary.cpp, line 210]
Event: 4.824 Thread 0x000000001c427800 Exception <a 'java/lang/ClassNotFoundException': com/android/build/gradle/internal/api/BaseVariantOutputImplBeanInfo> (0x00000000e469a770) thrown at [C:\src\AOSP-openjdk-git\hotspot\src\share\vm\classfile\systemDictionary.cpp, line 210]
Event: 4.824 Thread 0x000000001c427800 Exception <a 'java/lang/ClassNotFoundException': com/android/build/gradle/internal/api/BaseVariantOutputImplCustomizer> (0x00000000e46b7e10) thrown at [C:\src\AOSP-openjdk-git\hotspot\src\share\vm\classfile\systemDictionary.cpp, line 210]
Event: 4.825 Thread 0x000000001c427800 Exception <a 'java/lang/ClassNotFoundException': com/android/build/gradle/internal/api/ApkVariantOutputImplCustomizer> (0x00000000e46ef140) thrown at [C:\src\AOSP-openjdk-git\hotspot\src\share\vm\classfile\systemDictionary.cpp, line 210]
Event: 4.825 Thread 0x000000001c427800 Exception <a 'java/lang/ClassNotFoundException': com/android/build/gradle/internal/api/ApkVariantOutputImpl_DecoratedCustomizer> (0x00000000e4721850) thrown at [C:\src\AOSP-openjdk-git\hotspot\src\share\vm\classfile\systemDictionary.cpp, line 210]
Event: 4.985 Thread 0x000000001c427800 Exception <a 'java/lang/ClassNotFoundException': com/sun/org/glassfish/hk2/osgiresourcelocator/ServiceLoader> (0x00000000e5ff7bd8) thrown at [C:\src\AOSP-openjdk-git\hotspot\src\share\vm\classfile\systemDictionary.cpp, line 210]
Event: 5.009 Thread 0x000000001c427800 Exception <a 'java/lang/NullPointerException'> (0x00000000e64c3538) thrown at [C:\src\AOSP-openjdk-git\hotspot\src\share\vm\interpreter\linkResolver.cpp, line 1287]

Events (10 events):
Event: 5.304 loading class org/gradle/api/artifacts/component/ModuleComponentIdentifier
Event: 5.304 loading class org/gradle/api/artifacts/component/ModuleComponentIdentifier done
Event: 5.304 loading class com/android/build/gradle/internal/dependency/ConstraintHandler$execute$$inlined$forEach$lambda$1
Event: 5.304 loading class com/android/build/gradle/internal/dependency/ConstraintHandler$execute$$inlined$forEach$lambda$1 done
Event: 5.304 loading class org/gradle/api/artifacts/dsl/DependencyConstraintHandler
Event: 5.304 loading class org/gradle/api/artifacts/dsl/DependencyConstraintHandler done
Event: 5.305 loading class org/gradle/api/artifacts/DependencyConstraint
Event: 5.305 loading class org/gradle/api/artifacts/DependencyConstraint done
Event: 5.305 loading class com/android/build/gradle/internal/dependency/ConstraintHandler$execute$$inlined$forEach$lambda$1$1
Event: 5.305 loading class com/android/build/gradle/internal/dependency/ConstraintHandler$execute$$inlined$forEach$lambda$1$1 done


Dynamic libraries:
0x00007ff6b8b40000 - 0x00007ff6b8b71000 	D:\Anaroid Studio\jre\bin\java.exe
0x00007fffcdac0000 - 0x00007fffcdcb0000 	C:\Windows\SYSTEM32\ntdll.dll
0x00007fffcbcb0000 - 0x00007fffcbd62000 	C:\Windows\System32\KERNEL32.DLL
0x00007fffcad20000 - 0x00007fffcafc4000 	C:\Windows\System32\KERNELBASE.dll
0x00007fffcc320000 - 0x00007fffcc3c3000 	C:\Windows\System32\ADVAPI32.dll
0x00007fffcc820000 - 0x00007fffcc8be000 	C:\Windows\System32\msvcrt.dll
0x00007fffcbde0000 - 0x00007fffcbe77000 	C:\Windows\System32\sechost.dll
0x00007fffcc090000 - 0x00007fffcc1b0000 	C:\Windows\System32\RPCRT4.dll
0x00007fffcc450000 - 0x00007fffcc5e4000 	C:\Windows\System32\USER32.dll
0x00007fffcacd0000 - 0x00007fffcacf1000 	C:\Windows\System32\win32u.dll
0x00007fffcbf00000 - 0x00007fffcbf26000 	C:\Windows\System32\GDI32.dll
0x00007fffcafd0000 - 0x00007fffcb165000 	C:\Windows\System32\gdi32full.dll
0x00007fffcba40000 - 0x00007fffcbade000 	C:\Windows\System32\msvcp_win.dll
0x00007fffcab50000 - 0x00007fffcac4a000 	C:\Windows\System32\ucrtbase.dll
0x00007fffbb960000 - 0x00007fffbbbe4000 	C:\Windows\WinSxS\amd64_microsoft.windows.common-controls_6595b64144ccf1df_6.0.18362.900_none_e6beb9d913147d17\COMCTL32.dll
0x00007fffcc970000 - 0x00007fffccca5000 	C:\Windows\System32\combase.dll
0x00007fffcac50000 - 0x00007fffcacd0000 	C:\Windows\System32\bcryptPrimitives.dll
0x00007fffcc940000 - 0x00007fffcc96e000 	C:\Windows\System32\IMM32.DLL
0x00000000533e0000 - 0x00000000534b2000 	D:\Anaroid Studio\jre\jre\bin\msvcr100.dll
0x0000000053f30000 - 0x000000005477b000 	D:\Anaroid Studio\jre\jre\bin\server\jvm.dll
0x00007fffcc800000 - 0x00007fffcc808000 	C:\Windows\System32\PSAPI.DLL
0x00007fffc60b0000 - 0x00007fffc60b9000 	C:\Windows\SYSTEM32\WSOCK32.dll
0x00007fffc00e0000 - 0x00007fffc0104000 	C:\Windows\SYSTEM32\WINMM.dll
0x00007fffc4cf0000 - 0x00007fffc4cfa000 	C:\Windows\SYSTEM32\VERSION.dll
0x00007fffcc790000 - 0x00007fffcc7ff000 	C:\Windows\System32\WS2_32.dll
0x00007fffbfe90000 - 0x00007fffbfebd000 	C:\Windows\SYSTEM32\WINMMBASE.dll
0x00007fffcaa50000 - 0x00007fffcaa9a000 	C:\Windows\System32\cfgmgr32.dll
0x00007fffbfec0000 - 0x00007fffbfecf000 	D:\Anaroid Studio\jre\jre\bin\verify.dll
0x00007fffb0c40000 - 0x00007fffb0c69000 	D:\Anaroid Studio\jre\jre\bin\java.dll
0x00007fffb1ad0000 - 0x00007fffb1ae6000 	D:\Anaroid Studio\jre\jre\bin\zip.dll
0x00007fffcd390000 - 0x00007fffcda76000 	C:\Windows\System32\SHELL32.dll
0x00007fffcccb0000 - 0x00007fffccd59000 	C:\Windows\System32\shcore.dll
0x00007fffcb170000 - 0x00007fffcb8f0000 	C:\Windows\System32\windows.storage.dll
0x00007fffcaa00000 - 0x00007fffcaa23000 	C:\Windows\System32\profapi.dll
0x00007fffca9b0000 - 0x00007fffca9fa000 	C:\Windows\System32\powrprof.dll
0x00007fffca980000 - 0x00007fffca990000 	C:\Windows\System32\UMPDC.dll
0x00007fffcc8e0000 - 0x00007fffcc932000 	C:\Windows\System32\shlwapi.dll
0x00007fffca990000 - 0x00007fffca9a1000 	C:\Windows\System32\kernel.appcore.dll
0x00007fffcad00000 - 0x00007fffcad17000 	C:\Windows\System32\cryptsp.dll
0x00007fffb18b0000 - 0x00007fffb18ca000 	D:\Anaroid Studio\jre\jre\bin\net.dll
0x00007fffca1f0000 - 0x00007fffca257000 	C:\Windows\system32\mswsock.dll
0x00007fffb13f0000 - 0x00007fffb1403000 	D:\Anaroid Studio\jre\jre\bin\nio.dll
0x00007fffaf730000 - 0x00007fffaf756000 	C:\Users\26315\.gradle\native\30\windows-amd64\native-platform.dll
0x00007fffba9b0000 - 0x00007fffba9bd000 	D:\Anaroid Studio\jre\jre\bin\management.dll
0x00007fffc9d60000 - 0x00007fffc9d93000 	C:\Windows\system32\rsaenh.dll
0x00007fffcbb40000 - 0x00007fffcbb66000 	C:\Windows\System32\bcrypt.dll
0x00007fffca8a0000 - 0x00007fffca8c5000 	C:\Windows\SYSTEM32\USERENV.dll
0x00007fffca3c0000 - 0x00007fffca3cc000 	C:\Windows\SYSTEM32\CRYPTBASE.dll
0x00007fffc9f00000 - 0x00007fffc9f3a000 	C:\Windows\SYSTEM32\IPHLPAPI.DLL
0x00007fffcc810000 - 0x00007fffcc818000 	C:\Windows\System32\NSI.dll
0x00007fffc4d00000 - 0x00007fffc4d16000 	C:\Windows\SYSTEM32\dhcpcsvc6.DLL
0x00007fffc4cc0000 - 0x00007fffc4cdc000 	C:\Windows\SYSTEM32\dhcpcsvc.DLL
0x00007fffc9f40000 - 0x00007fffca00b000 	C:\Windows\SYSTEM32\DNSAPI.dll

VM Arguments:
jvm_args: -Xmx1536m -Dfile.encoding=GBK -Duser.country=CN -Duser.language=zh -Duser.variant 
java_command: org.gradle.launcher.daemon.bootstrap.GradleDaemon 5.6.4
java_class_path (initial): C:\Users\26315\.gradle\wrapper\dists\gradle-5.6.4-all\ankdp27end7byghfw1q2sw75f\gradle-5.6.4\lib\gradle-launcher-5.6.4.jar
Launcher Type: SUN_STANDARD

Environment Variables:
PATH=C:\ProgramData\Oracle\Java\javapath;C:\Program Files (x86)\Common Files\Oracle\Java\javapath;C:\Windows\system32;C:\Windows;C:\Windows\System32\Wbem;C:\Windows\System32\WindowsPowerShell\v1.0\;C:\Windows\System32\OpenSSH\;C:\Program Files (x86)\NVIDIA Corporation\PhysX\Common;C:\Program Files\NVIDIA Corporation\NVIDIA NvDLISR;C:\Program Files\Java\jdk1.8.0_221\bin;D:\Git\cmd;D:\apache-maven-3.6.1\bin;C:\Program Files\MySQL\MySQL Shell 8.0\bin\;C:\Users\26315\AppData\Local\Microsoft\WindowsApps;C:\Program Files\Java\jdk1.8.0_221\bin;
USERNAME=xushunyu
OS=Windows_NT
PROCESSOR_IDENTIFIER=Intel64 Family 6 Model 165 Stepping 2, GenuineIntel



---------------  S Y S T E M  ---------------

OS: Windows 10.0 , 64 bit Build 18362 (10.0.18362.900)

CPU:total 12 (initial active 12) (6 cores per cpu, 2 threads per core) family 6 model 165 stepping 2, cmov, cx8, fxsr, mmx, sse, sse2, sse3, ssse3, sse4.1, sse4.2, popcnt, avx, avx2, aes, clmul, erms, 3dnowpref, lzcnt, ht, tsc, tscinvbit, bmi1, bmi2, adx

Memory: 4k page, physical 25071348k(6478004k free), swap 48096624k(6604k free)

vm_info: OpenJDK 64-Bit Server VM (25.242-b01) for windows-amd64 JRE (1.8.0_242-release-1644-b01), built by "builder" with MS VC++ 10.0 (VS2010)

time: Fri Jun 19 09:53:18 2020
timezone: 中国标准时间
elapsed time: 5 seconds (0d 0h 0m 5s)

